[19:00:20] 已添加新的重定向配置
[19:00:32] 同步目录已更改为: G:\test\server
[19:04:24] 已添加新的重定向配置
[19:04:25] 已添加新的重定向配置
[19:04:27] 已添加新的重定向配置
[19:04:27] 已添加新的重定向配置
[19:04:27] 已添加新的重定向配置
[19:04:28] 已添加新的重定向配置
[19:04:28] 已添加新的重定向配置
[19:04:29] 已添加新的重定向配置
[19:04:29] 已添加新的重定向配置
[19:04:29] 已添加新的重定向配置
[19:04:30] 已添加新的重定向配置
[19:08:26] 已添加新的重定向配置
[19:23:03] 调试模式已启用
[19:23:10] [DEBUG] 重定向配置已更新: [{clientmodsa mods} {clientmodsa mods} {新服务器文件夹 新客户端文件夹} {新服务器文件夹 新客户端文件夹}]
[19:23:10] [DEBUG] 重定向配置已更新: [{clientmodsa mods} {clientmodsa mods} {新服务器文件夹 新客户端文件夹}]
[19:23:11] [DEBUG] 重定向配置已更新: [{clientmodsa mods} {clientmodsa mods}]
[19:23:35] 服务器启动于 0.0.0.0:6666
[19:23:35] 同步目录: G:\test\server
[19:23:37] 服务器已停止
[19:32:25] 配置已保存到: C:\Users\Administrator\AppData\Roaming\SyncTools\server_config.json
[19:33:00] 配置已保存到: C:\Users\Administrator\AppData\Roaming\SyncTools\server_config.json
[19:43:06] 配置已保存到: C:\Users\Administrator\AppData\Roaming\SyncTools\server_config.json
[19:57:29] 调试模式已启用
[19:57:38] [DEBUG] 重定向配置已更新: [{clientmodsa mods} {aaa abc}]
[19:57:38] 配置已保存到: C:\Users\Administrator\AppData\Roaming\SyncTools\server_config.json
[19:57:38] [DEBUG] 配置已自动保存
[19:57:48] [DEBUG] 重定向配置已更新: [{clientmodsa mods} {aaa abc}]
[19:57:48] 配置已保存到: C:\Users\Administrator\AppData\Roaming\SyncTools\server_config.json
[19:57:48] [DEBUG] 配置已自动保存
[19:57:58] [DEBUG] 重定向配置已更新: [{clientmodsa mods} {aaa abc}]
[19:57:58] 配置已保存到: C:\Users\Administrator\AppData\Roaming\SyncTools\server_config.json
[19:57:58] [DEBUG] 配置已自动保存
[19:58:00] 调试模式已关闭
[19:58:08] 配置已保存到: C:\Users\Administrator\AppData\Roaming\SyncTools\server_config.json
[19:58:18] 配置已保存到: C:\Users\Administrator\AppData\Roaming\SyncTools\server_config.json
[19:58:28] 配置已保存到: C:\Users\Administrator\AppData\Roaming\SyncTools\server_config.json
[19:58:38] 配置已保存到: C:\Users\Administrator\AppData\Roaming\SyncTools\server_config.json
[20:18:55] 服务器启动于 0.0.0.0:25000
[20:18:55] 同步目录: G:\test\server
[20:18:57] 服务器已停止
[20:18:57] 程序关闭前配置已保存
[20:19:18] 调试模式已启用
[20:19:20] [DEBUG] 重定向配置已更新: [{clientmodsa mods}]
[20:19:20] 配置已保存到: C:\Users\Administrator\AppData\Roaming\SyncTools\server_config.json
[20:19:20] 程序关闭前配置已保存
[20:19:25] 调试模式已启用
[20:19:31] [DEBUG] 重定向配置已更新: [{clientmodsa mods}]
[20:19:31] 配置已保存到: C:\Users\Administrator\AppData\Roaming\SyncTools\server_config.json
[20:19:31] [DEBUG] 配置已自动保存
[20:19:41] [DEBUG] 重定向配置已更新: [{clientmodsa mods}]
[20:19:41] [DEBUG] 配置未发生变化，跳过保存
[20:19:41] [DEBUG] 配置已自动保存
[20:19:51] [DEBUG] 重定向配置已更新: [{clientmodsa mods}]
[20:19:51] [DEBUG] 配置未发生变化，跳过保存
[20:19:51] [DEBUG] 配置已自动保存
[20:20:01] [DEBUG] 重定向配置已更新: [{clientmodsa mods}]
[20:20:01] [DEBUG] 配置未发生变化，跳过保存
[20:20:01] [DEBUG] 配置已自动保存
[20:20:11] [DEBUG] 重定向配置已更新: [{clientmodsa mods}]
[20:20:11] [DEBUG] 配置未发生变化，跳过保存
[20:20:11] [DEBUG] 配置已自动保存
[20:20:21] [DEBUG] 重定向配置已更新: [{clientmodsa mods}]
[20:20:21] [DEBUG] 配置未发生变化，跳过保存
[20:20:21] [DEBUG] 配置已自动保存
[20:20:31] [DEBUG] 重定向配置已更新: [{clientmodsa mods}]
[20:20:31] [DEBUG] 配置未发生变化，跳过保存
[20:20:31] [DEBUG] 配置已自动保存
[20:20:41] [DEBUG] 重定向配置已更新: [{clientmodsa mods}]
[20:20:41] [DEBUG] 配置未发生变化，跳过保存
[20:20:41] [DEBUG] 配置已自动保存
[20:20:51] [DEBUG] 重定向配置已更新: [{clientmodsa mods}]
[20:20:51] [DEBUG] 配置未发生变化，跳过保存
[20:20:51] [DEBUG] 配置已自动保存
[20:21:01] [DEBUG] 重定向配置已更新: [{clientmodsa mods}]
[20:21:01] [DEBUG] 配置未发生变化，跳过保存
[20:21:01] [DEBUG] 配置已自动保存
[20:21:11] [DEBUG] 重定向配置已更新: [{clientmodsa mods}]
[20:21:11] [DEBUG] 配置未发生变化，跳过保存
[20:21:11] [DEBUG] 配置已自动保存
[20:21:21] [DEBUG] 重定向配置已更新: [{clientmodsa mods}]
[20:21:21] [DEBUG] 配置未发生变化，跳过保存
[20:21:21] [DEBUG] 配置已自动保存
[20:21:31] [DEBUG] 重定向配置已更新: [{clientmodsa mods}]
[20:21:31] [DEBUG] 配置未发生变化，跳过保存
[20:21:31] [DEBUG] 配置已自动保存
[20:21:41] [DEBUG] 重定向配置已更新: [{clientmodsa mods}]
[20:21:41] [DEBUG] 配置未发生变化，跳过保存
[20:21:41] [DEBUG] 配置已自动保存
[20:21:51] [DEBUG] 重定向配置已更新: [{clientmodsa mods}]
[20:21:51] [DEBUG] 配置未发生变化，跳过保存
[20:21:51] [DEBUG] 配置已自动保存
[20:22:01] [DEBUG] 重定向配置已更新: [{clientmodsa mods}]
[20:22:01] [DEBUG] 配置未发生变化，跳过保存
[20:22:01] [DEBUG] 配置已自动保存
[20:22:11] [DEBUG] 重定向配置已更新: [{clientmodsa mods}]
[20:22:11] [DEBUG] 配置未发生变化，跳过保存
[20:22:11] [DEBUG] 配置已自动保存
[20:22:21] [DEBUG] 重定向配置已更新: [{clientmodsa mods}]
[20:22:21] [DEBUG] 配置未发生变化，跳过保存
[20:22:21] [DEBUG] 配置已自动保存
[20:22:31] [DEBUG] 重定向配置已更新: [{clientmodsa mods}]
[20:22:31] [DEBUG] 配置未发生变化，跳过保存
[20:22:31] [DEBUG] 配置已自动保存
[20:22:41] [DEBUG] 重定向配置已更新: [{clientmodsa mods}]
[20:22:41] [DEBUG] 配置未发生变化，跳过保存
[20:22:41] [DEBUG] 配置已自动保存
[20:22:51] [DEBUG] 重定向配置已更新: [{clientmodsa mods}]
[20:22:51] [DEBUG] 配置未发生变化，跳过保存
[20:22:51] [DEBUG] 配置已自动保存
[20:23:01] [DEBUG] 重定向配置已更新: [{clientmodsa mods}]
[20:23:01] [DEBUG] 配置未发生变化，跳过保存
[20:23:01] [DEBUG] 配置已自动保存
[20:23:11] [DEBUG] 重定向配置已更新: [{clientmodsa mods}]
[20:23:11] [DEBUG] 配置未发生变化，跳过保存
[20:23:11] [DEBUG] 配置已自动保存
[20:23:21] [DEBUG] 重定向配置已更新: [{clientmodsa mods}]
[20:23:21] [DEBUG] 配置未发生变化，跳过保存
[20:23:21] [DEBUG] 配置已自动保存
[20:23:31] [DEBUG] 重定向配置已更新: [{clientmodsa mods}]
[20:23:31] [DEBUG] 配置未发生变化，跳过保存
[20:23:31] [DEBUG] 配置已自动保存
[20:23:41] [DEBUG] 重定向配置已更新: [{clientmodsa mods}]
[20:23:41] [DEBUG] 配置未发生变化，跳过保存
[20:23:41] [DEBUG] 配置已自动保存
[20:23:51] [DEBUG] 重定向配置已更新: [{clientmodsa mods}]
[20:23:51] [DEBUG] 配置未发生变化，跳过保存
[20:23:51] [DEBUG] 配置已自动保存
[20:24:04] 配置已保存到: C:\Users\Administrator\AppData\Roaming\SyncTools\server_config.json
[20:27:45] 调试模式已启用
[20:27:51] [DEBUG] 重定向配置已更新: []
[20:27:51] [DEBUG] 配置未发生变化，跳过保存
[20:27:51] [DEBUG] 配置已自动保存
[20:28:01] [DEBUG] 重定向配置已更新: []
[20:28:01] [DEBUG] 配置未发生变化，跳过保存
[20:28:01] [DEBUG] 配置已自动保存
[20:28:08] [DEBUG] 重定向配置已更新: []
[20:28:08] [DEBUG] 配置未发生变化，跳过保存
[20:28:08] 程序关闭前配置已保存
[20:28:59] 调试模式已启用
[20:29:02] [DEBUG] 重定向配置已更新: []
[20:29:02] [DEBUG] 重定向配置已更新: []
[20:29:02] [DEBUG] 重定向配置已更新: []
[20:29:02] [DEBUG] 配置未发生变化，跳过保存
[20:29:02] [DEBUG] 配置已自动保存
[20:29:02] [DEBUG] 重定向配置已更新: []
[20:29:03] [DEBUG] 重定向配置已更新: []
[20:29:04] [DEBUG] 重定向配置已更新: []
[20:29:04] [DEBUG] 重定向配置已更新: []
[20:29:12] [DEBUG] 重定向配置已更新: []
[20:29:12] [DEBUG] 配置未发生变化，跳过保存
[20:29:12] [DEBUG] 配置已自动保存
[20:29:22] [DEBUG] 重定向配置已更新: []
[20:29:22] [DEBUG] 配置未发生变化，跳过保存
[20:29:22] [DEBUG] 配置已自动保存
[20:31:47] 调试模式已启用
[20:31:50] [DEBUG] 重定向配置已更新: []
[20:31:51] [DEBUG] 重定向配置已更新: []
[20:31:51] [DEBUG] 重定向配置已更新: []
[20:31:51] [DEBUG] 重定向配置已更新: []
[20:31:52] [DEBUG] 重定向配置已更新: []
[20:31:52] [DEBUG] 配置未发生变化，跳过保存
[20:31:52] [DEBUG] 配置已自动保存
[20:31:59] [DEBUG] 重定向配置已更新: []
[20:31:59] [DEBUG] 配置未发生变化，跳过保存
[20:31:59] 程序关闭前配置已保存
[20:32:23] 配置已保存到: C:\Users\Administrator\AppData\Roaming\SyncTools\server_config.json
[20:32:25] 调试模式已启用
[20:32:33] [DEBUG] 重定向配置已更新: [{新服务器文件夹 新客户端文件夹} {新服务器文件夹 新客户端文件夹} {新服务器文件夹 新客户端文件夹} {新服务器文件夹 新客户端文件夹} {新服务器文件夹 新客户端文件夹} {新服务器文件夹 新客户端文件夹} {新服务器文件夹 新客户端文件夹} {新服务器文件夹 新客户端文件夹} {新服务器文件夹 新客户端文件夹} {新服务器文件夹 新客户端文件夹} {新服务器文件夹 新客户端文件夹} {新服务器文件夹 新客户端文件夹} {新服务器文件夹 新客户端文件夹} {新服务器文件夹 新客户端文件夹} {新服务器文件夹 新客户端文件夹} {新服务器文件夹 新客户端文件夹} {新服务器文件夹 新客户端文件夹}]
[20:32:33] 配置已保存到: C:\Users\Administrator\AppData\Roaming\SyncTools\server_config.json
[20:32:33] [DEBUG] 配置已自动保存
[20:32:36] [DEBUG] 重定向配置已更新: [{新服务器文件夹 新客户端文件夹} {新服务器文件夹 新客户端文件夹} {新服务器文件夹 新客户端文件夹} {新服务器文件夹 新客户端文件夹} {新服务器文件夹 新客户端文件夹} {新服务器文件夹 新客户端文件夹} {新服务器文件夹 新客户端文件夹} {新服务器文件夹 新客户端文件夹} {新服务器文件夹 新客户端文件夹} {新服务器文件夹 新客户端文件夹} {新服务器文件夹 新客户端文件夹} {新服务器文件夹 新客户端文件夹} {新服务器文件夹 新客户端文件夹} {新服务器文件夹 新客户端文件夹} {新服务器文件夹 新客户端文件夹} {新服务器文件夹 新客户端文件夹}]
[20:32:36] [DEBUG] 重定向配置已更新: [{新服务器文件夹 新客户端文件夹} {新服务器文件夹 新客户端文件夹} {新服务器文件夹 新客户端文件夹} {新服务器文件夹 新客户端文件夹} {新服务器文件夹 新客户端文件夹} {新服务器文件夹 新客户端文件夹} {新服务器文件夹 新客户端文件夹} {新服务器文件夹 新客户端文件夹} {新服务器文件夹 新客户端文件夹} {新服务器文件夹 新客户端文件夹} {新服务器文件夹 新客户端文件夹} {新服务器文件夹 新客户端文件夹} {新服务器文件夹 新客户端文件夹} {新服务器文件夹 新客户端文件夹} {新服务器文件夹 新客户端文件夹}]
[20:32:36] [DEBUG] 重定向配置已更新: [{新服务器文件夹 新客户端文件夹} {新服务器文件夹 新客户端文件夹} {新服务器文件夹 新客户端文件夹} {新服务器文件夹 新客户端文件夹} {新服务器文件夹 新客户端文件夹} {新服务器文件夹 新客户端文件夹} {新服务器文件夹 新客户端文件夹} {新服务器文件夹 新客户端文件夹} {新服务器文件夹 新客户端文件夹} {新服务器文件夹 新客户端文件夹} {新服务器文件夹 新客户端文件夹} {新服务器文件夹 新客户端文件夹} {新服务器文件夹 新客户端文件夹} {新服务器文件夹 新客户端文件夹}]
[20:32:36] [DEBUG] 重定向配置已更新: [{新服务器文件夹 新客户端文件夹} {新服务器文件夹 新客户端文件夹} {新服务器文件夹 新客户端文件夹} {新服务器文件夹 新客户端文件夹} {新服务器文件夹 新客户端文件夹} {新服务器文件夹 新客户端文件夹} {新服务器文件夹 新客户端文件夹} {新服务器文件夹 新客户端文件夹} {新服务器文件夹 新客户端文件夹} {新服务器文件夹 新客户端文件夹} {新服务器文件夹 新客户端文件夹} {新服务器文件夹 新客户端文件夹} {新服务器文件夹 新客户端文件夹}]
[20:32:37] [DEBUG] 重定向配置已更新: [{新服务器文件夹 新客户端文件夹} {新服务器文件夹 新客户端文件夹} {新服务器文件夹 新客户端文件夹} {新服务器文件夹 新客户端文件夹} {新服务器文件夹 新客户端文件夹} {新服务器文件夹 新客户端文件夹} {新服务器文件夹 新客户端文件夹} {新服务器文件夹 新客户端文件夹} {新服务器文件夹 新客户端文件夹} {新服务器文件夹 新客户端文件夹} {新服务器文件夹 新客户端文件夹} {新服务器文件夹 新客户端文件夹}]
[20:32:37] [DEBUG] 重定向配置已更新: [{新服务器文件夹 新客户端文件夹} {新服务器文件夹 新客户端文件夹} {新服务器文件夹 新客户端文件夹} {新服务器文件夹 新客户端文件夹} {新服务器文件夹 新客户端文件夹} {新服务器文件夹 新客户端文件夹} {新服务器文件夹 新客户端文件夹} {新服务器文件夹 新客户端文件夹} {新服务器文件夹 新客户端文件夹} {新服务器文件夹 新客户端文件夹} {新服务器文件夹 新客户端文件夹}]
[20:32:37] [DEBUG] 重定向配置已更新: [{新服务器文件夹 新客户端文件夹} {新服务器文件夹 新客户端文件夹} {新服务器文件夹 新客户端文件夹} {新服务器文件夹 新客户端文件夹} {新服务器文件夹 新客户端文件夹} {新服务器文件夹 新客户端文件夹} {新服务器文件夹 新客户端文件夹} {新服务器文件夹 新客户端文件夹} {新服务器文件夹 新客户端文件夹} {新服务器文件夹 新客户端文件夹}]
[20:32:37] [DEBUG] 重定向配置已更新: [{新服务器文件夹 新客户端文件夹} {新服务器文件夹 新客户端文件夹} {新服务器文件夹 新客户端文件夹} {新服务器文件夹 新客户端文件夹} {新服务器文件夹 新客户端文件夹} {新服务器文件夹 新客户端文件夹} {新服务器文件夹 新客户端文件夹} {新服务器文件夹 新客户端文件夹} {新服务器文件夹 新客户端文件夹}]
[20:32:37] [DEBUG] 重定向配置已更新: [{新服务器文件夹 新客户端文件夹} {新服务器文件夹 新客户端文件夹} {新服务器文件夹 新客户端文件夹} {新服务器文件夹 新客户端文件夹} {新服务器文件夹 新客户端文件夹} {新服务器文件夹 新客户端文件夹} {新服务器文件夹 新客户端文件夹} {新服务器文件夹 新客户端文件夹}]
[20:32:37] [DEBUG] 重定向配置已更新: [{新服务器文件夹 新客户端文件夹} {新服务器文件夹 新客户端文件夹} {新服务器文件夹 新客户端文件夹} {新服务器文件夹 新客户端文件夹} {新服务器文件夹 新客户端文件夹} {新服务器文件夹 新客户端文件夹} {新服务器文件夹 新客户端文件夹}]
[20:32:38] [DEBUG] 重定向配置已更新: [{新服务器文件夹 新客户端文件夹} {新服务器文件夹 新客户端文件夹} {新服务器文件夹 新客户端文件夹} {新服务器文件夹 新客户端文件夹} {新服务器文件夹 新客户端文件夹} {新服务器文件夹 新客户端文件夹}]
[20:32:38] [DEBUG] 重定向配置已更新: [{新服务器文件夹 新客户端文件夹} {新服务器文件夹 新客户端文件夹} {新服务器文件夹 新客户端文件夹} {新服务器文件夹 新客户端文件夹} {新服务器文件夹 新客户端文件夹}]
[20:32:38] [DEBUG] 重定向配置已更新: [{新服务器文件夹 新客户端文件夹} {新服务器文件夹 新客户端文件夹} {新服务器文件夹 新客户端文件夹} {新服务器文件夹 新客户端文件夹}]
[20:32:38] [DEBUG] 重定向配置已更新: [{新服务器文件夹 新客户端文件夹} {新服务器文件夹 新客户端文件夹} {新服务器文件夹 新客户端文件夹}]
[20:32:39] [DEBUG] 重定向配置已更新: [{新服务器文件夹 新客户端文件夹} {新服务器文件夹 新客户端文件夹}]
[20:32:39] [DEBUG] 重定向配置已更新: [{新服务器文件夹 新客户端文件夹}]
[20:32:40] [DEBUG] 重定向配置已更新: []
[20:32:43] [DEBUG] 重定向配置已更新: []
[20:32:43] 配置已保存到: C:\Users\Administrator\AppData\Roaming\SyncTools\server_config.json
[20:32:43] [DEBUG] 配置已自动保存
[20:32:45] [DEBUG] 重定向配置已更新: []
[20:32:45] [DEBUG] 配置未发生变化，跳过保存
[20:32:45] 程序关闭前配置已保存
[20:49:06] 调试模式已启用
[20:49:10] [DEBUG] 重定向配置已更新: []
[20:49:10] [DEBUG] 配置未发生变化，跳过保存
[20:49:10] [DEBUG] 配置已自动保存
[20:49:20] [DEBUG] 重定向配置已更新: [{新服务器文件夹 新客户端文件夹}]
[20:49:20] 配置已保存到: C:\Users\Administrator\AppData\Roaming\SyncTools\server_config.json
[20:49:20] [DEBUG] 配置已自动保存
[20:49:30] [DEBUG] 重定向配置已更新: [{新服务器文件夹 新客户端文件夹}]
[20:49:30] [DEBUG] 配置未发生变化，跳过保存
[20:49:30] [DEBUG] 配置已自动保存
[20:49:38] [DEBUG] 重定向配置已更新: [{新服务器文件夹 新客户端文件夹}]
[20:49:38] [DEBUG] 配置未发生变化，跳过保存
[20:49:38] 程序关闭前配置已保存
[21:02:20] 配置已保存到: C:\Users\Administrator\AppData\Roaming\SyncTools\server_config.json
[21:02:30] 配置已保存到: C:\Users\Administrator\AppData\Roaming\SyncTools\server_config.json
[21:02:40] 配置已保存到: C:\Users\Administrator\AppData\Roaming\SyncTools\server_config.json
[21:04:30] 程序关闭前配置已保存
[21:04:50] 调试模式已启用
[21:04:54] [DEBUG] 重定向配置已更新: []
[21:04:54] [DEBUG] 配置未发生变化，跳过保存
[21:04:54] [DEBUG] 配置已自动保存
[21:04:57] [DEBUG] 开始验证文件夹列表...
[21:04:57] [DEBUG] 当前根目录: G:\test\server
[21:04:57] [DEBUG] 待验证文件夹数: 4
[21:04:57] [DEBUG] 有效的同步文件夹: aaa (mirror)
[21:04:57] [DEBUG] 有效的同步文件夹: bbb (mirror)
[21:04:57] [DEBUG] >>> 无效的同步文件夹: c (mirror) <<<
[21:04:57] [DEBUG] 有效的同步文件夹: ddd (mirror)
[21:04:57] [DEBUG] ----------------------------------------
[21:04:57] [DEBUG] 发现 1 个无效文件夹:
[21:04:57] [DEBUG] 1. c
[21:04:57] [DEBUG] ----------------------------------------
[21:05:04] [DEBUG] 重定向配置已更新: []
[21:05:04] 配置已保存到: C:\Users\Administrator\AppData\Roaming\SyncTools\server_config.json
[21:05:04] [DEBUG] 配置已自动保存
[21:05:14] [DEBUG] 重定向配置已更新: []
[21:05:14] [DEBUG] 配置未发生变化，跳过保存
[21:05:14] [DEBUG] 配置已自动保存
[21:05:24] [DEBUG] 重定向配置已更新: []
[21:05:24] [DEBUG] 配置未发生变化，跳过保存
[21:05:24] [DEBUG] 配置已自动保存
[21:05:34] [DEBUG] 重定向配置已更新: []
[21:05:34] [DEBUG] 配置未发生变化，跳过保存
[21:05:34] [DEBUG] 配置已自动保存
[21:05:44] [DEBUG] 重定向配置已更新: []
[21:05:44] [DEBUG] 配置未发生变化，跳过保存
[21:05:44] [DEBUG] 配置已自动保存
[21:05:48] [DEBUG] 重定向配置已更新: []
[21:05:48] [DEBUG] 重定向配置已更新: []
[21:05:48] [DEBUG] 重定向配置已更新: []
[21:05:49] [DEBUG] 重定向配置已更新: []
[21:05:50] [DEBUG] 重定向配置已更新: []
[21:05:50] [DEBUG] 重定向配置已更新: []
[21:05:51] [DEBUG] 重定向配置已更新: []
[21:05:53] [DEBUG] 重定向配置已更新: []
[21:05:54] [DEBUG] 重定向配置已更新: []
[21:05:54] [DEBUG] 重定向配置已更新: []
[21:05:54] [DEBUG] 配置未发生变化，跳过保存
[21:05:54] [DEBUG] 配置已自动保存
[21:05:54] [DEBUG] 重定向配置已更新: []
[21:06:04] [DEBUG] 重定向配置已更新: []
[21:06:04] [DEBUG] 配置未发生变化，跳过保存
[21:06:04] [DEBUG] 配置已自动保存
[21:06:14] [DEBUG] 重定向配置已更新: []
[21:06:14] [DEBUG] 配置未发生变化，跳过保存
[21:06:14] [DEBUG] 配置已自动保存
[21:06:24] [DEBUG] 重定向配置已更新: []
[21:06:24] [DEBUG] 配置未发生变化，跳过保存
[21:06:24] [DEBUG] 配置已自动保存
[21:06:34] [DEBUG] 重定向配置已更新: []
[21:06:34] [DEBUG] 配置未发生变化，跳过保存
[21:06:34] [DEBUG] 配置已自动保存
[21:06:44] [DEBUG] 重定向配置已更新: []
[21:06:44] [DEBUG] 配置未发生变化，跳过保存
[21:06:44] [DEBUG] 配置已自动保存
[21:06:50] [DEBUG] 重定向配置已更新: []
[21:06:50] [DEBUG] 配置未发生变化，跳过保存
[21:06:50] 程序关闭前配置已保存
[21:07:06] 配置已保存到: C:\Users\Administrator\AppData\Roaming\SyncTools\server_config.json
[21:07:46] 配置已保存到: C:\Users\Administrator\AppData\Roaming\SyncTools\server_config.json
[21:16:03] 配置已保存到: C:\Users\Administrator\AppData\Roaming\SyncTools\server_config.json
